<?xml version="1.0" encoding="UTF-8"?>
<!-- Generated by org.testng.reporters.JUnitReportReporter -->
<testsuite skipped="0" hostname="LAPTOP-NFQMVHO2" name="testcases.TC002_EditLead" tests="1" failures="0" timestamp="2019-11-06T22:49:34 IST" time="100.269" errors="0">
  <testcase name="TC002_editLead" time="100.269" classname="testcases.TC002_EditLead"/>
</testsuite> <!-- testcases.TC002_EditLead -->
